0 info it worked if it ends with ok
1 verbose cli [ 'C:\\Program Files\\nodejs\\node.exe',
1 verbose cli   'C:\\Users\\t-amshus\\AppData\\Roaming\\npm\\node_modules\\npm\\bin\\npm-cli.js',
1 verbose cli   'run',
1 verbose cli   'gulp',
1 verbose cli   '--build:docs' ]
2 info using npm@4.0.3
3 info using node@v6.11.3
4 verbose stack Error: missing script: gulp
4 verbose stack     at run (C:\Users\t-amshus\AppData\Roaming\npm\node_modules\npm\lib\run-script.js:151:19)
4 verbose stack     at C:\Users\t-amshus\AppData\Roaming\npm\node_modules\npm\lib\run-script.js:61:5
4 verbose stack     at C:\Users\t-amshus\AppData\Roaming\npm\node_modules\npm\node_modules\read-package-json\read-json.js:356:5
4 verbose stack     at checkBinReferences_ (C:\Users\t-amshus\AppData\Roaming\npm\node_modules\npm\node_modules\read-package-json\read-json.js:320:45)
4 verbose stack     at final (C:\Users\t-amshus\AppData\Roaming\npm\node_modules\npm\node_modules\read-package-json\read-json.js:354:3)
4 verbose stack     at then (C:\Users\t-amshus\AppData\Roaming\npm\node_modules\npm\node_modules\read-package-json\read-json.js:124:5)
4 verbose stack     at ReadFileContext.<anonymous> (C:\Users\t-amshus\AppData\Roaming\npm\node_modules\npm\node_modules\read-package-json\read-json.js:295:20)
4 verbose stack     at ReadFileContext.callback (C:\Users\t-amshus\AppData\Roaming\npm\node_modules\npm\node_modules\graceful-fs\graceful-fs.js:78:16)
4 verbose stack     at FSReqWrap.readFileAfterOpen [as oncomplete] (fs.js:367:13)
5 verbose cwd C:\Workspace\mirror\github\demo
6 error Windows_NT 10.0.15063
7 error argv "C:\\Program Files\\nodejs\\node.exe" "C:\\Users\\t-amshus\\AppData\\Roaming\\npm\\node_modules\\npm\\bin\\npm-cli.js" "run" "gulp" "--build:docs"
8 error node v6.11.3
9 error npm  v4.0.3
10 error missing script: gulp
11 error If you need help, you may report this error at:
11 error     <https://github.com/npm/npm/issues>
12 verbose exit [ 1, true ]
